  ServerMain.cpp
c:\users\jihee\desktop\graduation\graduation\slashserver\slashserver\servermain.cpp(434): warning C4244: '인수': 'const double'에서 'float'(으)로 변환하면서 데이터가 손실될 수 있습니다.
c:\users\jihee\desktop\graduation\graduation\slashserver\slashserver\servermain.cpp(436): warning C4305: '+=': 'const double'에서 'float'(으)로 잘립니다.
c:\users\jihee\desktop\graduation\graduation\slashserver\slashserver\servermain.cpp(440): warning C4305: '인수': 'const double'에서 'float'(으)로 잘립니다.
c:\users\jihee\desktop\graduation\graduation\slashserver\slashserver\servermain.cpp(442): warning C4305: '+=': 'double'에서 'float'(으)로 잘립니다.
c:\users\jihee\desktop\graduation\graduation\slashserver\slashserver\servermain.cpp(456): warning C4244: '인수': 'double'에서 'float'(으)로 변환하면서 데이터가 손실될 수 있습니다.
c:\users\jihee\desktop\graduation\graduation\slashserver\slashserver\servermain.cpp(832): warning C4305: '인수': 'double'에서 'float'(으)로 잘립니다.
c:\users\jihee\desktop\graduation\graduation\slashserver\slashserver\servermain.cpp(852): warning C4244: '=': 'int'에서 'float'(으)로 변환하면서 데이터가 손실될 수 있습니다.
c:\users\jihee\desktop\graduation\graduation\slashserver\slashserver\servermain.cpp(854): warning C4244: '=': 'int'에서 'float'(으)로 변환하면서 데이터가 손실될 수 있습니다.
c:\users\jihee\desktop\graduation\graduation\slashserver\slashserver\servermain.cpp(860): warning C4305: '인수': 'double'에서 'float'(으)로 잘립니다.
c:\users\jihee\desktop\graduation\graduation\slashserver\slashserver\servermain.cpp(1350): warning C4244: '인수': 'unsigned __int64'에서 'int'(으)로 변환하면서 데이터가 손실될 수 있습니다.
c:\users\jihee\desktop\graduation\graduation\slashserver\slashserver\servermain.cpp(1356): warning C4244: '인수': 'unsigned __int64'에서 'int'(으)로 변환하면서 데이터가 손실될 수 있습니다.
c:\users\jihee\desktop\graduation\graduation\slashserver\slashserver\servermain.cpp(1400): warning C4244: '인수': 'unsigned __int64'에서 'int'(으)로 변환하면서 데이터가 손실될 수 있습니다.
c:\users\jihee\desktop\graduation\graduation\slashserver\slashserver\servermain.cpp(1407): warning C4244: '인수': 'unsigned __int64'에서 'int'(으)로 변환하면서 데이터가 손실될 수 있습니다.
c:\users\jihee\desktop\graduation\graduation\slashserver\slashserver\servermain.cpp(1413): warning C4244: '인수': 'unsigned __int64'에서 'int'(으)로 변환하면서 데이터가 손실될 수 있습니다.
c:\users\jihee\desktop\graduation\graduation\slashserver\slashserver\servermain.cpp(1420): warning C4244: '인수': 'unsigned __int64'에서 'int'(으)로 변환하면서 데이터가 손실될 수 있습니다.
c:\users\jihee\desktop\graduation\graduation\slashserver\slashserver\servermain.cpp(1426): warning C4244: '인수': 'unsigned __int64'에서 'int'(으)로 변환하면서 데이터가 손실될 수 있습니다.
  MathHelper.cpp
  코드를 생성하고 있습니다...
MSVCRTD.lib(initializers.obj) : warning LNK4098: 'libcmt.lib' defaultlib가 다른 라이브러리와 충돌합니다. /NODEFAULTLIB:library를 사용하십시오.
  SlashServer.vcxproj -> C:\Users\Jihee\Desktop\Graduation\Graduation\SlashServer\x64\Debug\SlashServer.exe
  SlashServer.vcxproj -> C:\Users\Jihee\Desktop\Graduation\Graduation\SlashServer\x64\Debug\SlashServer.pdb (Partial PDB)
